<?xml version="1.0" encoding="UTF-8"?>
<!-- Generated by org.testng.reporters.JUnitXMLReporter -->
<testsuite ignored="0" hostname="AJA" failures="0" tests="10" name="Surefire test" time="19.722" errors="0" timestamp="2023-05-28T22:30:08 IST">
  <testcase classname="api.test.DataDriverTest" name="testpostUser" time="2.58"/>
  <testcase classname="api.test.DataDriverTest" name="testpostUser" time="1.366"/>
  <testcase classname="api.test.DataDriverTest" name="testpostUser" time="3.129"/>
  <testcase classname="api.test.DataDriverTest" name="testDeleteUserName" time="1.183"/>
  <testcase classname="api.test.DataDriverTest" name="testDeleteUserName" time="1.11"/>
  <testcase classname="api.test.DataDriverTest" name="testDeleteUserName" time="1.149"/>
  <testcase classname="api.test.UserTests" name="testpostUser" time="1.306"/>
  <testcase classname="api.test.UserTests" name="testGetUserName" time="1.145"/>
  <testcase classname="api.test.UserTests" name="testUpdateuser" time="4.331"/>
  <testcase classname="api.test.UserTests" name="testDeleteUserName" time="1.092"/>
</testsuite> <!-- Surefire test -->
