<?xml version="1.0" encoding="UTF-8"?>
<!-- Generated by org.testng.reporters.JUnitXMLReporter -->
<testsuite ignored="0" hostname="AJA" failures="0" tests="4" name="Default test" time="8.507" errors="0" timestamp="2023-05-28T21:34:37 IST">
  <testcase classname="api.test.UserTestsPropertiesFile" name="testpostUser" time="2.289"/>
  <testcase classname="api.test.UserTestsPropertiesFile" name="testGetUserName" time="1.122"/>
  <testcase classname="api.test.UserTestsPropertiesFile" name="testUpdateuser" time="3.403"/>
  <testcase classname="api.test.UserTestsPropertiesFile" name="testDeleteUserName" time="1.146"/>
</testsuite> <!-- Default test -->
