<?xml version="1.0" encoding="UTF-8"?>
<!-- Generated by org.testng.reporters.JUnitXMLReporter -->
<testsuite ignored="0" hostname="AJA" failures="1" tests="2" name="Test" time="2.501" errors="0" timestamp="2023-05-28T00:17:53 IST">
  <testcase classname="api.test.userTests" name="testpostUser" time="2.332"/>
  <testcase classname="api.test.userTests" name="testpostUser" time="2.341">
    <failure type="java.lang.NullPointerException" message="Cannot invoke &amp;quot;com.aventstack.extentreports.ExtentReports.createTest(String)&amp;quot; because &amp;quot;this.extent&amp;quot; is null">
      <![CDATA[java.lang.NullPointerException: Cannot invoke "com.aventstack.extentreports.ExtentReports.createTest(String)" because "this.extent" is null
at api.utilities.ExtentReportManager.onTestSuccess(ExtentReportManager.java:47)
at java.base/java.util.ArrayList.forEach(ArrayList.java:1511)
... Removed 24 stack frames]]>
    </failure>
  </testcase> <!-- testpostUser -->
</testsuite> <!-- Test -->
