<?xml version="1.0" encoding="UTF-8"?>
<testng-results ignored="0" total="10" passed="10" failed="0" skipped="0">
  <reporter-output>
  </reporter-output>
  <suite started-at="2023-05-28T22:29:49 IST" name="Surefire suite" finished-at="2023-05-28T22:30:08 IST" duration-ms="19722">
    <groups>
      <group name="DELETE">
        <method signature="DataDriverTest.testDeleteUserName(java.lang.String)[pri:2, instance:api.test.DataDriverTest@815b41f]" name="testDeleteUserName" class="api.test.DataDriverTest"/>
        <method signature="UserTests.testDeleteUserName()[pri:4, instance:api.test.UserTests@5542c4ed]" name="testDeleteUserName" class="api.test.UserTests"/>
      </group> <!-- DELETE -->
      <group name="GET USER">
        <method signature="UserTests.testGetUserName()[pri:2, instance:api.test.UserTests@5542c4ed]" name="testGetUserName" class="api.test.UserTests"/>
      </group> <!-- GET USER -->
      <group name="UPDATE">
        <method signature="UserTests.testUpdateuser()[pri:3, instance:api.test.UserTests@5542c4ed]" name="testUpdateuser" class="api.test.UserTests"/>
      </group> <!-- UPDATE -->
      <group name="CREATE USER">
        <method signature="DataDriverTest.testpostUser(java.lang.String, java.lang.String, java.lang.String, java.lang.String, java.lang.String, java.lang.String, java.lang.String)[pri:1, instance:api.test.DataDriverTest@815b41f]" name="testpostUser" class="api.test.DataDriverTest"/>
        <method signature="UserTests.testpostUser()[pri:1, instance:api.test.UserTests@5542c4ed]" name="testpostUser" class="api.test.UserTests"/>
      </group> <!-- CREATE USER -->
    </groups>
    <test started-at="2023-05-28T22:29:49 IST" name="Surefire test" finished-at="2023-05-28T22:30:08 IST" duration-ms="19722">
      <class name="api.test.DataDriverTest">
        <test-method signature="testpostUser(java.lang.String, java.lang.String, java.lang.String, java.lang.String, java.lang.String, java.lang.String, java.lang.String)[pri:1, instance:api.test.DataDriverTest@815b41f]" started-at="2023-05-28T22:29:50 IST" name="testpostUser" data-provider="Data" finished-at="2023-05-28T22:29:52 IST" duration-ms="2580" status="PASS">
          <params>
            <param index="0">
              <value>
                <![CDATA[1001]]>
              </value>
            </param>
            <param index="1">
              <value>
                <![CDATA[user1]]>
              </value>
            </param>
            <param index="2">
              <value>
                <![CDATA[john]]>
              </value>
            </param>
            <param index="3">
              <value>
                <![CDATA[kennedy]]>
              </value>
            </param>
            <param index="4">
              <value>
                <![CDATA[jk@gmail.com]]>
              </value>
            </param>
            <param index="5">
              <value>
                <![CDATA[test$1]]>
              </value>
            </param>
            <param index="6">
              <value>
                <![CDATA[1231231232]]>
              </value>
            </param>
          </params>
          <reporter-output>
          </reporter-output>
        </test-method> <!-- testpostUser -->
        <test-method signature="testpostUser(java.lang.String, java.lang.String, java.lang.String, java.lang.String, java.lang.String, java.lang.String, java.lang.String)[pri:1, instance:api.test.DataDriverTest@815b41f]" started-at="2023-05-28T22:29:52 IST" name="testpostUser" data-provider="Data" finished-at="2023-05-28T22:29:54 IST" duration-ms="1366" status="PASS">
          <params>
            <param index="0">
              <value>
                <![CDATA[1002]]>
              </value>
            </param>
            <param index="1">
              <value>
                <![CDATA[user2]]>
              </value>
            </param>
            <param index="2">
              <value>
                <![CDATA[harry]]>
              </value>
            </param>
            <param index="3">
              <value>
                <![CDATA[thor]]>
              </value>
            </param>
            <param index="4">
              <value>
                <![CDATA[ht@gmail.com]]>
              </value>
            </param>
            <param index="5">
              <value>
                <![CDATA[test$2]]>
              </value>
            </param>
            <param index="6">
              <value>
                <![CDATA[9879879877]]>
              </value>
            </param>
          </params>
          <reporter-output>
          </reporter-output>
        </test-method> <!-- testpostUser -->
        <test-method signature="testpostUser(java.lang.String, java.lang.String, java.lang.String, java.lang.String, java.lang.String, java.lang.String, java.lang.String)[pri:1, instance:api.test.DataDriverTest@815b41f]" started-at="2023-05-28T22:29:54 IST" name="testpostUser" data-provider="Data" finished-at="2023-05-28T22:29:57 IST" duration-ms="3129" status="PASS">
          <params>
            <param index="0">
              <value>
                <![CDATA[1003]]>
              </value>
            </param>
            <param index="1">
              <value>
                <![CDATA[user3]]>
              </value>
            </param>
            <param index="2">
              <value>
                <![CDATA[peter]]>
              </value>
            </param>
            <param index="3">
              <value>
                <![CDATA[wakanda]]>
              </value>
            </param>
            <param index="4">
              <value>
                <![CDATA[pw@gmail.com]]>
              </value>
            </param>
            <param index="5">
              <value>
                <![CDATA[test$3]]>
              </value>
            </param>
            <param index="6">
              <value>
                <![CDATA[7657657655]]>
              </value>
            </param>
          </params>
          <reporter-output>
          </reporter-output>
        </test-method> <!-- testpostUser -->
        <test-method signature="testDeleteUserName(java.lang.String)[pri:2, instance:api.test.DataDriverTest@815b41f]" started-at="2023-05-28T22:29:57 IST" name="testDeleteUserName" data-provider="UserNames" finished-at="2023-05-28T22:29:58 IST" duration-ms="1183" status="PASS">
          <params>
            <param index="0">
              <value>
                <![CDATA[user1]]>
              </value>
            </param>
          </params>
          <reporter-output>
          </reporter-output>
        </test-method> <!-- testDeleteUserName -->
        <test-method signature="testDeleteUserName(java.lang.String)[pri:2, instance:api.test.DataDriverTest@815b41f]" started-at="2023-05-28T22:29:58 IST" name="testDeleteUserName" data-provider="UserNames" finished-at="2023-05-28T22:29:59 IST" duration-ms="1110" status="PASS">
          <params>
            <param index="0">
              <value>
                <![CDATA[user2]]>
              </value>
            </param>
          </params>
          <reporter-output>
          </reporter-output>
        </test-method> <!-- testDeleteUserName -->
        <test-method signature="testDeleteUserName(java.lang.String)[pri:2, instance:api.test.DataDriverTest@815b41f]" started-at="2023-05-28T22:29:59 IST" name="testDeleteUserName" data-provider="UserNames" finished-at="2023-05-28T22:30:00 IST" duration-ms="1149" status="PASS">
          <params>
            <param index="0">
              <value>
                <![CDATA[user3]]>
              </value>
            </param>
          </params>
          <reporter-output>
          </reporter-output>
        </test-method> <!-- testDeleteUserName -->
      </class> <!-- api.test.DataDriverTest -->
      <class name="api.test.UserTests">
        <test-method is-config="true" signature="setupData()[pri:0, instance:api.test.UserTests@5542c4ed]" started-at="2023-05-28T22:30:00 IST" name="setupData" finished-at="2023-05-28T22:30:00 IST" duration-ms="118" status="PASS">
          <reporter-output>
          </reporter-output>
        </test-method> <!-- setupData -->
        <test-method signature="testpostUser()[pri:1, instance:api.test.UserTests@5542c4ed]" started-at="2023-05-28T22:30:00 IST" name="testpostUser" finished-at="2023-05-28T22:30:02 IST" duration-ms="1306" status="PASS">
          <reporter-output>
          </reporter-output>
        </test-method> <!-- testpostUser -->
        <test-method signature="testGetUserName()[pri:2, instance:api.test.UserTests@5542c4ed]" started-at="2023-05-28T22:30:02 IST" name="testGetUserName" finished-at="2023-05-28T22:30:03 IST" duration-ms="1145" status="PASS">
          <reporter-output>
          </reporter-output>
        </test-method> <!-- testGetUserName -->
        <test-method signature="testUpdateuser()[pri:3, instance:api.test.UserTests@5542c4ed]" started-at="2023-05-28T22:30:03 IST" name="testUpdateuser" finished-at="2023-05-28T22:30:07 IST" duration-ms="4331" status="PASS">
          <reporter-output>
          </reporter-output>
        </test-method> <!-- testUpdateuser -->
        <test-method signature="testDeleteUserName()[pri:4, instance:api.test.UserTests@5542c4ed]" started-at="2023-05-28T22:30:07 IST" name="testDeleteUserName" finished-at="2023-05-28T22:30:08 IST" duration-ms="1092" status="PASS">
          <reporter-output>
          </reporter-output>
        </test-method> <!-- testDeleteUserName -->
      </class> <!-- api.test.UserTests -->
    </test> <!-- Surefire test -->
  </suite> <!-- Surefire suite -->
</testng-results>
