<?xml version="1.0" encoding="UTF-8"?>
<testng-results ignored="0" total="4" passed="4" failed="0" skipped="0">
  <reporter-output>
  </reporter-output>
  <suite started-at="2023-05-28T21:34:29 IST" name="Default suite" finished-at="2023-05-28T21:34:37 IST" duration-ms="8507">
    <groups>
      <group name="DELETE">
        <method signature="UserTestsPropertiesFile.testDeleteUserName()[pri:4, instance:api.test.UserTestsPropertiesFile@40cb8df7]" name="testDeleteUserName" class="api.test.UserTestsPropertiesFile"/>
      </group> <!-- DELETE -->
      <group name="GET USER">
        <method signature="UserTestsPropertiesFile.testGetUserName()[pri:2, instance:api.test.UserTestsPropertiesFile@40cb8df7]" name="testGetUserName" class="api.test.UserTestsPropertiesFile"/>
      </group> <!-- GET USER -->
      <group name="UPDATE">
        <method signature="UserTestsPropertiesFile.testUpdateuser()[pri:3, instance:api.test.UserTestsPropertiesFile@40cb8df7]" name="testUpdateuser" class="api.test.UserTestsPropertiesFile"/>
      </group> <!-- UPDATE -->
      <group name="CREATE USER">
        <method signature="UserTestsPropertiesFile.testpostUser()[pri:1, instance:api.test.UserTestsPropertiesFile@40cb8df7]" name="testpostUser" class="api.test.UserTestsPropertiesFile"/>
      </group> <!-- CREATE USER -->
    </groups>
    <test started-at="2023-05-28T21:34:29 IST" name="Default test" finished-at="2023-05-28T21:34:37 IST" duration-ms="8507">
      <class name="api.test.UserTestsPropertiesFile">
        <test-method is-config="true" signature="setupData()[pri:0, instance:api.test.UserTestsPropertiesFile@40cb8df7]" started-at="2023-05-28T21:34:29 IST" name="setupData" finished-at="2023-05-28T21:34:29 IST" duration-ms="517" status="PASS">
          <reporter-output>
          </reporter-output>
        </test-method> <!-- setupData -->
        <test-method signature="testpostUser()[pri:1, instance:api.test.UserTestsPropertiesFile@40cb8df7]" started-at="2023-05-28T21:34:29 IST" name="testpostUser" finished-at="2023-05-28T21:34:31 IST" duration-ms="2289" status="PASS">
          <reporter-output>
          </reporter-output>
        </test-method> <!-- testpostUser -->
        <test-method signature="testGetUserName()[pri:2, instance:api.test.UserTestsPropertiesFile@40cb8df7]" started-at="2023-05-28T21:34:31 IST" name="testGetUserName" finished-at="2023-05-28T21:34:32 IST" duration-ms="1122" status="PASS">
          <reporter-output>
          </reporter-output>
        </test-method> <!-- testGetUserName -->
        <test-method signature="testUpdateuser()[pri:3, instance:api.test.UserTestsPropertiesFile@40cb8df7]" started-at="2023-05-28T21:34:32 IST" name="testUpdateuser" finished-at="2023-05-28T21:34:36 IST" duration-ms="3403" status="PASS">
          <reporter-output>
          </reporter-output>
        </test-method> <!-- testUpdateuser -->
        <test-method signature="testDeleteUserName()[pri:4, instance:api.test.UserTestsPropertiesFile@40cb8df7]" started-at="2023-05-28T21:34:36 IST" name="testDeleteUserName" finished-at="2023-05-28T21:34:37 IST" duration-ms="1146" status="PASS">
          <reporter-output>
          </reporter-output>
        </test-method> <!-- testDeleteUserName -->
      </class> <!-- api.test.UserTestsPropertiesFile -->
    </test> <!-- Default test -->
  </suite> <!-- Default suite -->
</testng-results>
