<?xml version="1.0" encoding="UTF-8"?>
<!-- Generated by org.testng.reporters.JUnitXMLReporter -->
<testsuite ignored="0" hostname="AJA" failures="0" tests="10" name="PetTests" time="16.04" errors="0" timestamp="2023-05-28T01:37:38 IST">
  <testcase classname="api.test.UserTests" name="testpostUser" time="2.393"/>
  <testcase classname="api.test.UserTests" name="testGetUserName" time="1.11"/>
  <testcase classname="api.test.UserTests" name="testUpdateuser" time="3.306"/>
  <testcase classname="api.test.UserTests" name="testDeleteUserName" time="1.107"/>
  <testcase classname="api.test.DataDriverTest" name="testpostUser" time="1.159"/>
  <testcase classname="api.test.DataDriverTest" name="testpostUser" time="1.131"/>
  <testcase classname="api.test.DataDriverTest" name="testpostUser" time="1.166"/>
  <testcase classname="api.test.DataDriverTest" name="testDeleteUserName" time="1.121"/>
  <testcase classname="api.test.DataDriverTest" name="testDeleteUserName" time="1.107"/>
  <testcase classname="api.test.DataDriverTest" name="testDeleteUserName" time="1.1"/>
</testsuite> <!-- PetTests -->
